<?xml version="1.0" encoding="UTF-8"?>

<mule xmlns:http="http://www.mulesoft.org/schema/mule/http" xmlns="http://www.mulesoft.org/schema/mule/core"
	xmlns:doc="http://www.mulesoft.org/schema/mule/documentation"
	xmlns:xsi="http://www.w3.org/2001/XMLSchema-instance" xsi:schemaLocation="http://www.mulesoft.org/schema/mule/core http://www.mulesoft.org/schema/mule/core/current/mule.xsd
http://www.mulesoft.org/schema/mule/http http://www.mulesoft.org/schema/mule/http/current/mule-http.xsd">
	<http:listener-config name="HTTP_Listener_config" doc:name="HTTP Listener config" doc:id="836c78be-ed2c-4fc6-a4b5-3d454482dbd4" >
		<http:listener-connection host="0.0.0.0" port="8081" />
	</http:listener-config>
	<flow name="test-chkin-chkoutFlow" doc:id="382224fa-a40a-496a-8a7e-453ae18739ef" >
		<http:listener doc:name="Listener" doc:id="24bcb7ae-4294-43e1-85fe-2d87576e2aea" config-ref="HTTP_Listener_config" path="/welcome"/>
		<set-payload value="Welcome" doc:name="Set Payload" doc:id="56b5f60d-cd6e-4486-958b-c5f2f806273c" />
		<logger level="INFO" doc:name="Logger" doc:id="ca8cfc52-275d-4ea9-bd34-828416faea8c" message="Hello"/>
	</flow>
</mule>
